<?xml version="1.0" encoding="UTF-8"?>
<testng-results skipped="0" failed="0" total="1" passed="1">
  <reporter-output>
  </reporter-output>
  <suite name="Tests" duration-ms="24464" started-at="2015-05-02T00:23:15Z" finished-at="2015-05-02T00:23:39Z">
    <groups>
    </groups>
    <test name="Test1" duration-ms="24464" started-at="2015-05-02T00:23:15Z" finished-at="2015-05-02T00:23:39Z">
      <class name="tohich_selenium_tests.LoginTest">
        <test-method status="PASS" signature="init()[pri:0, instance:tohich_selenium_tests.LoginTest@59a6e353]" name="init" is-config="true" duration-ms="13282" started-at="2015-05-02T03:23:15Z" finished-at="2015-05-02T03:23:28Z">
          <reporter-output>
          </reporter-output>
        </test-method> <!-- init -->
        <test-method status="PASS" signature="testUntitled()[pri:0, instance:tohich_selenium_tests.LoginTest@59a6e353]" name="testUntitled" duration-ms="11169" started-at="2015-05-02T03:23:28Z" finished-at="2015-05-02T03:23:39Z">
          <reporter-output>
          </reporter-output>
        </test-method> <!-- testUntitled -->
        <test-method status="PASS" signature="tearDown()[pri:0, instance:tohich_selenium_tests.LoginTest@59a6e353]" name="tearDown" is-config="true" duration-ms="367" started-at="2015-05-02T03:23:39Z" finished-at="2015-05-02T03:23:40Z">
          <reporter-output>
          </reporter-output>
        </test-method> <!-- tearDown -->
      </class> <!-- tohich_selenium_tests.LoginTest -->
    </test> <!-- Test1 -->
  </suite> <!-- Tests -->
</testng-results>
